<?xml version="1.0" encoding="UTF-8"?>
<!-- Generated by org.testng.reporters.JUnitReportReporter -->
<testsuite skipped="1" hostname="DESKTOP-AE9375D" name="testsuite.NewTest" tests="2" failures="0" timestamp="2019-11-14T11:44:35 IST" time="28.730" errors="0">
  <testcase name="skiptest" time="0.001" classname="testsuite.NewTest">
    <skipped/>
  </testcase> <!-- skiptest -->
  <testcase name="launchBrowserurl" time="28.729" classname="testsuite.NewTest"/>
</testsuite> <!-- testsuite.NewTest -->
