<?xml version="1.0" encoding="UTF-8"?>
<!-- Generated by org.testng.reporters.JUnitReportReporter -->
<testsuite skipped="0" hostname="DESKTOP-AE9375D" name="testsuite.NewTest" tests="3" failures="0" timestamp="09 Nov 2019 12:52:19 GMT" time="35.804" errors="0">
  <testcase name="f" time="11.565" classname="testsuite.NewTest"/>
  <testcase name="f" time="11.310" classname="testsuite.NewTest"/>
  <testcase name="f" time="12.929" classname="testsuite.NewTest"/>
</testsuite> <!-- testsuite.NewTest -->
