<?xml version="1.0" encoding="UTF-8"?>
<!-- Generated by org.testng.reporters.JUnitReportReporter -->
<testsuite skipped="0" hostname="DESKTOP-AE9375D" name="testsuite.NewTest" tests="3" failures="0" timestamp="2019-11-11T17:08:28 IST" time="42.751" errors="0">
  <testcase name="f" time="16.551" classname="testsuite.NewTest"/>
  <testcase name="f" time="15.488" classname="testsuite.NewTest"/>
  <testcase name="f" time="10.712" classname="testsuite.NewTest"/>
</testsuite> <!-- testsuite.NewTest -->
