<?xml version="1.0" encoding="UTF-8"?>
<!-- Generated by org.testng.reporters.JUnitReportReporter -->
<testsuite skipped="0" hostname="DESKTOP-AE9375D" name="testsuite.NewTest" tests="3" failures="0" timestamp="09 Nov 2019 07:55:14 GMT" time="33.302" errors="0">
  <testcase name="f" time="11.780" classname="testsuite.NewTest"/>
  <testcase name="f" time="11.091" classname="testsuite.NewTest"/>
  <testcase name="f" time="10.431" classname="testsuite.NewTest"/>
</testsuite> <!-- testsuite.NewTest -->
